<?xml version="1.0" encoding="UTF-8"?>
<!-- Generated by org.testng.reporters.JUnitXMLReporter -->
<testsuite ignored="0" hostname="LTIN514778" failures="0" tests="7" name="Default test" time="0.087" errors="0" timestamp="2024-03-20T13:51:31 IST">
  <testcase classname="project.MiniProject" name="@BeforeTest initialize" time="-1.710922891189E9">
    <failure type="org.testng.TestNGException" message="
Parameter &amp;apos;browser&amp;apos; is required by BeforeTest on method initialize but has not been marked @Optional or defined
in C:\Users\2318294\AppData\Local\Temp\26\testng-eclipse-965970430\testng-customsuite.xml">
      <![CDATA[org.testng.TestNGException: 
Parameter 'browser' is required by BeforeTest on method initialize but has not been marked @Optional or defined
in C:\Users\2318294\AppData\Local\Temp\26\testng-eclipse-965970430\testng-customsuite.xml
at org.testng.internal.Parameters.createParams(Parameters.java:267)
at org.testng.internal.Parameters.createParametersForMethod(Parameters.java:355)
at org.testng.internal.Parameters.createParameters(Parameters.java:693)
at org.testng.internal.Parameters.createConfigurationParameters(Parameters.java:166)
at org.testng.internal.invokers.ConfigInvoker.invokeConfigurations(ConfigInvoker.java:306)
at org.testng.TestRunner.invokeTestConfigurations(TestRunner.java:661)
at org.testng.TestRunner.beforeRun(TestRunner.java:650)
at org.testng.TestRunner.run(TestRunner.java:612)
at org.testng.SuiteRunner.runTest(SuiteRunner.java:443)
at org.testng.SuiteRunner.runSequentially(SuiteRunner.java:437)
at org.testng.SuiteRunner.privateRun(SuiteRunner.java:397)
at org.testng.SuiteRunner.run(SuiteRunner.java:336)
at org.testng.SuiteRunnerWorker.runSuite(SuiteRunnerWorker.java:52)
at org.testng.SuiteRunnerWorker.run(SuiteRunnerWorker.java:95)
at org.testng.TestNG.runSuitesSequentially(TestNG.java:1301)
at org.testng.TestNG.runSuitesLocally(TestNG.java:1228)
at org.testng.TestNG.runSuites(TestNG.java:1134)
at org.testng.TestNG.run(TestNG.java:1101)
at org.testng.remote.AbstractRemoteTestNG.run(AbstractRemoteTestNG.java:115)
at org.testng.remote.RemoteTestNG.initAndRun(RemoteTestNG.java:251)
at org.testng.remote.RemoteTestNG.main(RemoteTestNG.java:77)
]]>
    </failure>
  </testcase> <!-- @BeforeTest initialize -->
  <testcase classname="project.MiniProject" name="@AfterTest End" time="0.0">
    <skipped/>
  </testcase> <!-- @AfterTest End -->
  <testcase classname="project.MiniProject" name="ScreenShot" time="0.0">
    <skipped/>
  </testcase> <!-- ScreenShot -->
  <testcase classname="project.MiniProject" name="maximize" time="0.0">
    <skipped/>
  </testcase> <!-- maximize -->
  <testcase classname="project.MiniProject" name="popups" time="0.0">
    <skipped/>
  </testcase> <!-- popups -->
  <testcase classname="project.MiniProject" name="completedProjects" time="0.0">
    <skipped/>
  </testcase> <!-- completedProjects -->
  <testcase classname="project.MiniProject" name="totalcompletedProjects" time="0.001">
    <skipped/>
  </testcase> <!-- totalcompletedProjects -->
  <testcase classname="project.MiniProject" name="five" time="0.0">
    <skipped/>
  </testcase> <!-- five -->
  <testcase classname="project.MiniProject" name="contact" time="0.0">
    <skipped/>
  </testcase> <!-- contact -->
</testsuite> <!-- Default test -->
